app/build/intermediates/manifest_merge_blame_file/debug/manifest-merger-blame-debug-report.txt
1<?xml version="1.0" encoding="utf-8"?>
2<manifest xmlns:android="http://schemas.android.com/apk/res/android"
3    package="com.example.app"
4    android:versionCode="1"
5    android:versionName="1.0" >
6
7    <uses-sdk
8        android:minSdkVersion="16"
8-->src\main\AndroidManifest.xml
9        android:targetSdkVersion="30" />
9-->src\main\AndroidManifest.xml
10
11    <uses-permission android:name="android.permission.ACCESS_COARSE_LOCATION" />
11-->src\main\AndroidManifest.xml:4:1-76
11-->src\main\AndroidManifest.xml:4:18-74
12    <uses-permission android:name="android.permission.ACCESS_FINE_LOCATION" />
12-->src\main\AndroidManifest.xml:5:5-78
12-->src\main\AndroidManifest.xml:5:22-76
13    <uses-permission android:name="android.permission.VIBRATE" />
13-->[com.wdullaer:materialdatetimepicker:3.1.3] AndroidManifest.xml:26:5-66
13-->[com.wdullaer:materialdatetimepicker:3.1.3] AndroidManifest.xml:26:22-63
14
15    <application
15-->src\main\AndroidManifest.xml:6:5-32:19
16        android:allowBackup="true"
16-->src\main\AndroidManifest.xml:7:9-35
17        android:appComponentFactory="androidx.core.app.CoreComponentFactory"
17-->[androidx.core:core:1.3.1] AndroidManifest.xml:24:18-86
18        android:debuggable="true"
19        android:icon="@mipmap/ic_launcher"
19-->src\main\AndroidManifest.xml:8:9-43
20        android:label="@string/app_name"
20-->src\main\AndroidManifest.xml:9:9-41
21        android:roundIcon="@mipmap/ic_launcher_round"
21-->src\main\AndroidManifest.xml:10:9-54
22        android:supportsRtl="true"
22-->src\main\AndroidManifest.xml:11:9-35
23        android:testOnly="true"
24        android:theme="@style/Theme.App" >
24-->src\main\AndroidManifest.xml:12:9-41
25        <activity android:name="com.example.app.home" />
25-->src\main\AndroidManifest.xml:15:9-42
25-->src\main\AndroidManifest.xml:15:19-39
26        <activity android:name="com.example.app.register" />
26-->src\main\AndroidManifest.xml:16:9-46
26-->src\main\AndroidManifest.xml:16:19-43
27        <activity android:name="com.example.app.face" />
27-->src\main\AndroidManifest.xml:17:9-42
27-->src\main\AndroidManifest.xml:17:19-39
28        <activity android:name="com.example.app.MainActivity" />
28-->src\main\AndroidManifest.xml:19:1-41
28-->src\main\AndroidManifest.xml:19:11-39
29        <activity android:name="com.example.app.splash_screen" >
29-->src\main\AndroidManifest.xml:20:9-26:20
29-->src\main\AndroidManifest.xml:20:19-48
30            <intent-filter>
30-->src\main\AndroidManifest.xml:21:13-25:29
31                <action android:name="android.intent.action.MAIN" />
31-->src\main\AndroidManifest.xml:22:17-69
31-->src\main\AndroidManifest.xml:22:25-66
32
33                <category android:name="android.intent.category.LAUNCHER" />
33-->src\main\AndroidManifest.xml:24:17-77
33-->src\main\AndroidManifest.xml:24:27-74
34            </intent-filter>
35        </activity>
36
37        <meta-data
37-->src\main\AndroidManifest.xml:29:9-31:57
38            android:name="preloaded_fonts"
38-->src\main\AndroidManifest.xml:30:13-43
39            android:resource="@array/preloaded_fonts" />
39-->src\main\AndroidManifest.xml:31:13-54
40
41        <activity
41-->[com.google.android.gms:play-services-base:17.5.0] AndroidManifest.xml:23:9-26:75
42            android:name="com.google.android.gms.common.api.GoogleApiActivity"
42-->[com.google.android.gms:play-services-base:17.5.0] AndroidManifest.xml:24:13-79
43            android:exported="false"
43-->[com.google.android.gms:play-services-base:17.5.0] AndroidManifest.xml:25:13-37
44            android:theme="@android:style/Theme.Translucent.NoTitleBar" />
44-->[com.google.android.gms:play-services-base:17.5.0] AndroidManifest.xml:26:13-72
45
46        <meta-data
46-->[com.google.android.gms:play-services-basement:17.5.0] AndroidManifest.xml:23:9-25:69
47            android:name="com.google.android.gms.version"
47-->[com.google.android.gms:play-services-basement:17.5.0] AndroidManifest.xml:24:13-58
48            android:value="@integer/google_play_services_version" />
48-->[com.google.android.gms:play-services-basement:17.5.0] AndroidManifest.xml:25:13-66
49    </application>
50
51</manifest>